<?xml version="1.0" encoding="UTF-8"?>
<!-- Generated by org.testng.reporters.JUnitXMLReporter -->
<testsuite hostname="DESKTOP-6R1VEJH" name="Test" tests="3" failures="0" timestamp="28 Aug 2023 10:06:07 GMT" time="0.069" errors="0">
  <testcase name="test1" time="0.007" classname="RefreshAutomation.RefreshAutomation.App2"/>
  <testcase name="test2" time="0.003" classname="RefreshAutomation.RefreshAutomation.App2"/>
  <testcase name="one" time="0.002" classname="RefreshAutomation.RefreshAutomation.App1"/>
</testsuite> <!-- Test -->
